<?xml version="1.0" encoding="UTF-8"?>
<!-- Generated by org.testng.reporters.JUnitXMLReporter -->
<testsuite ignored="0" hostname="DESKTOP-JL5K8AS" failures="0" tests="3" name="Test" time="99.568" errors="0" timestamp="2022-09-10T18:42:55 IST">
  <testcase classname="scripts.Skillrary_TestCase1" name="tc1" time="15.805"/>
  <testcase classname="scripts.Skillrary_TestCase2" name="tc2" time="19.716"/>
  <testcase classname="scripts.Skillrary_TestCase3" name="tc3" time="25.734"/>
</testsuite> <!-- Test -->
